{"/Users/imransayed/jest-test-app/Functions.js": {"path":"/Users/imransayed/jest-test-app/Functions.js","statementMap":{"0":{"start":{"line":1,"column":14},"end":{"line":1,"column":32}},"1":{"start":{"line":3,"column":18},"end":{"line":33,"column":1}},"2":{"start":{"line":4,"column":24},"end":{"line":4,"column":35}},"3":{"start":{"line":5,"column":15},"end":{"line":5,"column":19}},"4":{"start":{"line":6,"column":26},"end":{"line":6,"column":31}},"5":{"start":{"line":10,"column":15},"end":{"line":10,"column":37}},"6":{"start":{"line":11,"column":2},"end":{"line":11,"column":29}},"7":{"start":{"line":13,"column":2},"end":{"line":13,"column":14}},"8":{"start":{"line":17,"column":2},"end":{"line":17,"column":27}},"9":{"start":{"line":21,"column":2},"end":{"line":21,"column":18}},"10":{"start":{"line":25,"column":2},"end":{"line":25,"column":41}},"11":{"start":{"line":29,"column":2},"end":{"line":31,"column":27}},"12":{"start":{"line":30,"column":17},"end":{"line":30,"column":25}},"13":{"start":{"line":31,"column":20},"end":{"line":31,"column":25}},"14":{"start":{"line":34,"column":0},"end":{"line":34,"column":27}}},"fnMap":{"0":{"name":"(anonymous_0)","decl":{"start":{"line":4,"column":6},"end":{"line":4,"column":7}},"loc":{"start":{"line":4,"column":24},"end":{"line":4,"column":35}},"line":4},"1":{"name":"(anonymous_1)","decl":{"start":{"line":5,"column":9},"end":{"line":5,"column":10}},"loc":{"start":{"line":5,"column":15},"end":{"line":5,"column":19}},"line":5},"2":{"name":"(anonymous_2)","decl":{"start":{"line":6,"column":13},"end":{"line":6,"column":14}},"loc":{"start":{"line":6,"column":26},"end":{"line":6,"column":31}},"line":6},"3":{"name":"(anonymous_3)","decl":{"start":{"line":8,"column":13},"end":{"line":8,"column":14}},"loc":{"start":{"line":8,"column":19},"end":{"line":14,"column":2}},"line":8},"4":{"name":"(anonymous_4)","decl":{"start":{"line":16,"column":16},"end":{"line":16,"column":17}},"loc":{"start":{"line":16,"column":40},"end":{"line":18,"column":2}},"line":16},"5":{"name":"(anonymous_5)","decl":{"start":{"line":20,"column":18},"end":{"line":20,"column":19}},"loc":{"start":{"line":20,"column":34},"end":{"line":22,"column":2}},"line":20},"6":{"name":"(anonymous_6)","decl":{"start":{"line":24,"column":15},"end":{"line":24,"column":16}},"loc":{"start":{"line":24,"column":21},"end":{"line":26,"column":2}},"line":24},"7":{"name":"(anonymous_7)","decl":{"start":{"line":28,"column":12},"end":{"line":28,"column":13}},"loc":{"start":{"line":28,"column":18},"end":{"line":32,"column":2}},"line":28},"8":{"name":"(anonymous_8)","decl":{"start":{"line":30,"column":10},"end":{"line":30,"column":11}},"loc":{"start":{"line":30,"column":17},"end":{"line":30,"column":25}},"line":30},"9":{"name":"(anonymous_9)","decl":{"start":{"line":31,"column":11},"end":{"line":31,"column":12}},"loc":{"start":{"line":31,"column":20},"end":{"line":31,"column":25}},"line":31}},"branchMap":{},"s":{"0":1,"1":1,"2":2,"3":1,"4":1,"5":1,"6":1,"7":1,"8":2,"9":1,"10":1,"11":1,"12":1,"13":0,"14":1},"f":{"0":2,"1":1,"2":1,"3":1,"4":2,"5":1,"6":1,"7":1,"8":1,"9":0},"b":{},"_coverageSchema":"43e27e138ebf9cfc5966b082cf9a028302ed4184","hash":"6e39c16e7be2e1403aee6b3dece82a121ef448b2"}
,"/Users/imransayed/jest-test-app/ReverseString.js": {"path":"/Users/imransayed/jest-test-app/ReverseString.js","statementMap":{"0":{"start":{"line":1,"column":22},"end":{"line":6,"column":1}},"1":{"start":{"line":2,"column":1},"end":{"line":5,"column":13}},"2":{"start":{"line":8,"column":0},"end":{"line":8,"column":31}}},"fnMap":{"0":{"name":"(anonymous_0)","decl":{"start":{"line":1,"column":22},"end":{"line":1,"column":23}},"loc":{"start":{"line":2,"column":1},"end":{"line":5,"column":13}},"line":2}},"branchMap":{},"s":{"0":1,"1":1,"2":1},"f":{"0":1},"b":{},"_coverageSchema":"43e27e138ebf9cfc5966b082cf9a028302ed4184","hash":"32f17f95d6a15388b86a48182f678d74abd82ceb"}
}
