TN:
SF:/Users/imransayed/jest-test-app/Functions.js
FN:4,(anonymous_0)
FN:5,(anonymous_1)
FN:6,(anonymous_2)
FN:8,(anonymous_3)
FN:16,(anonymous_4)
FN:20,(anonymous_5)
FN:24,(anonymous_6)
FN:28,(anonymous_7)
FN:30,(anonymous_8)
FN:31,(anonymous_9)
FNF:10
FNH:9
FNDA:2,(anonymous_0)
FNDA:1,(anonymous_1)
FNDA:1,(anonymous_2)
FNDA:1,(anonymous_3)
FNDA:2,(anonymous_4)
FNDA:1,(anonymous_5)
FNDA:1,(anonymous_6)
FNDA:1,(anonymous_7)
FNDA:1,(anonymous_8)
FNDA:0,(anonymous_9)
DA:1,1
DA:3,1
DA:4,2
DA:5,1
DA:6,1
DA:10,1
DA:11,1
DA:13,1
DA:17,2
DA:21,1
DA:25,1
DA:29,1
DA:30,1
DA:31,0
DA:34,1
LF:15
LH:14
BRF:0
BRH:0
end_of_record
TN:
SF:/Users/imransayed/jest-test-app/ReverseString.js
FN:1,(anonymous_0)
FNF:1
FNH:1
FNDA:1,(anonymous_0)
DA:1,1
DA:2,1
DA:8,1
LF:3
LH:3
BRF:0
BRH:0
end_of_record
